<?xml version="1.0" encoding="UTF-8"?>
<!-- Generated by org.testng.reporters.JUnitReportReporter -->
<testsuite hostname="L-INE-CTRSYZ2" failures="0" tests="2" name="testng_assertion_4_9_2023.depends0n_classs" time="4.202" errors="0" timestamp="2023-09-05T10:31:33 IST" skipped="0">
  <testcase classname="testng_assertion_4_9_2023.depends0n_classs" name="f" time="3.995"/>
  <testcase classname="testng_assertion_4_9_2023.depends0n_classs" name="f2" time="0.207"/>
</testsuite> <!-- testng_assertion_4_9_2023.depends0n_classs -->
