<?xml version="1.0" encoding="UTF-8"?>
<!-- Generated by org.testng.reporters.JUnitReportReporter -->
<testsuite hostname="L-INE-CTRSYZ2" failures="0" tests="1" name="unit_tesing_5_9_2023.test_parameters" time="10.600" errors="0" timestamp="2023-09-05T12:32:48 IST" skipped="0">
  <testcase classname="unit_tesing_5_9_2023.test_parameters" name="f" time="10.600"/>
</testsuite> <!-- unit_tesing_5_9_2023.test_parameters -->
