<?xml version="1.0" encoding="UTF-8"?>
<!-- Generated by org.testng.reporters.JUnitReportReporter -->
<testsuite hostname="L-INE-CTRSYZ2" failures="0" tests="2" name="NewTest1" time="7.491" errors="0" timestamp="2023-09-01T17:36:00 IST" skipped="0">
  <testcase classname="NewTest1" name="f" time="4.585"/>
  <testcase classname="NewTest1" name="f2" time="2.906"/>
</testsuite> <!-- NewTest1 -->
