<?xml version="1.0" encoding="UTF-8"?>
<!-- Generated by org.testng.reporters.JUnitReportReporter -->
<testsuite hostname="L-INE-CTRSYZ2" failures="0" tests="2" name="NewTest2" time="9.449" errors="0" timestamp="2023-09-01T17:40:30 IST" skipped="0">
  <testcase classname="NewTest2" name="f" time="5.350"/>
  <testcase classname="NewTest2" name="f2" time="4.099"/>
</testsuite> <!-- NewTest2 -->
