<?xml version="1.0" encoding="UTF-8"?>
<!-- Generated by org.testng.reporters.JUnitReportReporter -->
<testsuite hostname="L-INE-CTRSYZ2" failures="0" tests="1" name="Log4j_11_9_2023.log4j_setup" time="0.038" errors="0" timestamp="2023-09-11T13:20:11 IST" skipped="0">
  <testcase classname="Log4j_11_9_2023.log4j_setup" name="f" time="0.038"/>
</testsuite> <!-- Log4j_11_9_2023.log4j_setup -->
