<?xml version="1.0" encoding="UTF-8"?>
<!-- Generated by org.testng.reporters.JUnitReportReporter -->
<testsuite hostname="L-INE-CTRSYZ2" failures="0" tests="2" name="com.seleniumproject.seleniumProject.NewTest1" time="9.457" errors="0" timestamp="2023-09-01T17:42:06 IST" skipped="0">
  <testcase classname="com.seleniumproject.seleniumProject.NewTest1" name="f2" time="4.464"/>
  <testcase classname="com.seleniumproject.seleniumProject.NewTest1" name="f" time="4.993"/>
</testsuite> <!-- com.seleniumproject.seleniumProject.NewTest1 -->
