<?xml version="1.0" encoding="UTF-8"?>
<!-- Generated by org.testng.reporters.JUnitReportReporter -->
<testsuite hostname="L-INE-CTRSYZ2" failures="0" tests="2" name="unit_tesing_5_9_2023.NewTest" time="0.010" errors="0" timestamp="2023-09-05T12:02:39 IST" skipped="0">
  <testcase classname="unit_tesing_5_9_2023.NewTest" name="f" time="0.009"/>
  <testcase classname="unit_tesing_5_9_2023.NewTest" name="f1" time="0.001"/>
</testsuite> <!-- unit_tesing_5_9_2023.NewTest -->
