<?xml version="1.0" encoding="UTF-8"?>
<!-- Generated by org.testng.reporters.JUnitReportReporter -->
<testsuite hostname="L-INE-CTRSYZ2" failures="0" tests="1" name="Testnumber2" time="3.832" errors="0" timestamp="2023-09-01T17:19:35 IST" skipped="0">
  <testcase classname="Testnumber2" name="f" time="3.832"/>
</testsuite> <!-- Testnumber2 -->
