<?xml version="1.0" encoding="UTF-8"?>
<!-- Generated by org.testng.reporters.JUnitReportReporter -->
<testsuite hostname="L-INE-CTRSYZ2" failures="0" tests="1" name="com.seleniumproject.seleniumProject.NewTest21" time="4.555" errors="0" timestamp="2023-09-04T14:24:53 IST" skipped="0">
  <testcase classname="com.seleniumproject.seleniumProject.NewTest21" name="f" time="4.555"/>
</testsuite> <!-- com.seleniumproject.seleniumProject.NewTest21 -->
