<?xml version="1.0" encoding="UTF-8"?>
<!-- Generated by org.testng.reporters.JUnitReportReporter -->
<testsuite hostname="L-INE-CTRSYZ2" failures="0" tests="1" name="com.seleniumproject.seleniumProject.test2" time="2.885" errors="0" timestamp="2023-09-04T12:56:12 IST" skipped="0">
  <testcase classname="com.seleniumproject.seleniumProject.test2" name="f" time="2.885"/>
</testsuite> <!-- com.seleniumproject.seleniumProject.test2 -->
