<?xml version="1.0" encoding="UTF-8"?>
<!-- Generated by org.testng.reporters.JUnitReportReporter -->
<testsuite hostname="L-INE-CTRSYZ2" failures="0" tests="1" name="com.seleniumproject.seleniumProject.aaa" time="3.567" errors="0" timestamp="2023-09-04T12:31:50 IST" skipped="0">
  <testcase classname="com.seleniumproject.seleniumProject.aaa" name="f" time="3.567"/>
</testsuite> <!-- com.seleniumproject.seleniumProject.aaa -->
