<?xml version="1.0" encoding="UTF-8"?>
<!-- Generated by org.testng.reporters.JUnitReportReporter -->
<testsuite hostname="L-INE-CTRSYZ2" failures="0" tests="1" name="Homework_11_9_2023.OpencartTestNG" time="0.803" errors="0" timestamp="2023-09-12T10:38:57 IST" skipped="0">
  <testcase classname="Homework_11_9_2023.OpencartTestNG" name="f" time="0.803"/>
</testsuite> <!-- Homework_11_9_2023.OpencartTestNG -->
