<?xml version="1.0" encoding="UTF-8"?>
<!-- Generated by org.testng.reporters.JUnitReportReporter -->
<testsuite hostname="L-INE-CTRSYZ2" failures="0" tests="1" name="com.seleniumproject.seleniumProject.NewTest2" time="4.423" errors="0" timestamp="2023-09-04T16:28:58 IST" skipped="0">
  <testcase classname="com.seleniumproject.seleniumProject.NewTest2" name="f" time="4.423"/>
</testsuite> <!-- com.seleniumproject.seleniumProject.NewTest2 -->
