<?xml version="1.0" encoding="UTF-8"?>
<!-- Generated by org.testng.reporters.JUnitReportReporter -->
<testsuite hostname="L-INE-CTRSYZ2" failures="0" tests="1" name="testng_assertion_4_9_2023.assert_equalsTest" time="10.180" errors="0" timestamp="2023-09-04T17:55:13 IST" skipped="0">
  <testcase classname="testng_assertion_4_9_2023.assert_equalsTest" name="f" time="10.180"/>
</testsuite> <!-- testng_assertion_4_9_2023.assert_equalsTest -->
